{"/Users/alex.lytvynenko/w/experiments/node-weather/app.js":{"path":"/Users/alex.lytvynenko/w/experiments/node-weather/app.js","s":{"1":1,"2":1,"3":1,"4":1,"5":1,"6":1,"7":1,"8":0,"9":1,"10":1,"11":1,"12":1,"13":1,"14":1,"15":1,"16":1,"17":1,"18":1},"b":{},"f":{"1":0,"2":1,"3":1},"fnMap":{"1":{"name":"(anonymous_1)","line":9,"loc":{"start":{"line":9,"column":24},"end":{"line":9,"column":39}}},"2":{"name":"(anonymous_2)","line":29,"loc":{"start":{"line":29,"column":12},"end":{"line":29,"column":29}}},"3":{"name":"(anonymous_3)","line":37,"loc":{"start":{"line":37,"column":24},"end":{"line":37,"column":36}}}},"statementMap":{"1":{"start":{"line":1,"column":0},"end":{"line":1,"column":35}},"2":{"start":{"line":2,"column":0},"end":{"line":2,"column":33}},"3":{"start":{"line":3,"column":0},"end":{"line":3,"column":27}},"4":{"start":{"line":4,"column":0},"end":{"line":4,"column":31}},"5":{"start":{"line":5,"column":0},"end":{"line":5,"column":20}},"6":{"start":{"line":6,"column":0},"end":{"line":6,"column":48}},"7":{"start":{"line":9,"column":0},"end":{"line":11,"column":1}},"8":{"start":{"line":10,"column":1},"end":{"line":10,"column":40}},"9":{"start":{"line":15,"column":0},"end":{"line":15,"column":42}},"10":{"start":{"line":18,"column":0},"end":{"line":18,"column":32}},"11":{"start":{"line":21,"column":0},"end":{"line":21,"column":57}},"12":{"start":{"line":24,"column":0},"end":{"line":24,"column":23}},"13":{"start":{"line":26,"column":0},"end":{"line":26,"column":47}},"14":{"start":{"line":29,"column":0},"end":{"line":31,"column":3}},"15":{"start":{"line":30,"column":1},"end":{"line":30,"column":42}},"16":{"start":{"line":34,"column":0},"end":{"line":34,"column":37}},"17":{"start":{"line":37,"column":0},"end":{"line":39,"column":3}},"18":{"start":{"line":38,"column":2},"end":{"line":38,"column":60}}},"branchMap":{}},"/Users/alex.lytvynenko/w/experiments/node-weather/config/index.js":{"path":"/Users/alex.lytvynenko/w/experiments/node-weather/config/index.js","s":{"1":1,"2":1,"3":3},"b":{"1":[3,3],"2":[3,3,0]},"f":{"1":3},"fnMap":{"1":{"name":"(anonymous_1)","line":19,"loc":{"start":{"line":19,"column":17},"end":{"line":19,"column":32}}}},"statementMap":{"1":{"start":{"line":1,"column":0},"end":{"line":18,"column":1}},"2":{"start":{"line":19,"column":0},"end":{"line":21,"column":1}},"3":{"start":{"line":20,"column":4},"end":{"line":20,"column":70}}},"branchMap":{"1":{"line":20,"type":"binary-expr","locations":[{"start":{"line":20,"column":11},"end":{"line":20,"column":53}},{"start":{"line":20,"column":57},"end":{"line":20,"column":69}}]},"2":{"line":20,"type":"binary-expr","locations":[{"start":{"line":20,"column":18},"end":{"line":20,"column":22}},{"start":{"line":20,"column":26},"end":{"line":20,"column":41}},{"start":{"line":20,"column":45},"end":{"line":20,"column":52}}]}}},"/Users/alex.lytvynenko/w/experiments/node-weather/app/middleware.js":{"path":"/Users/alex.lytvynenko/w/experiments/node-weather/app/middleware.js","s":{"1":1,"2":1,"3":1,"4":1,"5":1,"6":2,"7":2,"8":2,"9":1,"10":1,"11":1,"12":1,"13":1,"14":2,"15":2,"16":2,"17":2,"18":2,"19":2,"20":2,"21":2,"22":2,"23":2,"24":2,"25":0,"26":0,"27":0,"28":1,"29":1,"30":1},"b":{"1":[2,0],"2":[1,0],"3":[2,0]},"f":{"1":2,"2":2,"3":1,"4":1,"5":2,"6":2,"7":2},"fnMap":{"1":{"name":"(anonymous_1)","line":10,"loc":{"start":{"line":10,"column":15},"end":{"line":10,"column":46}}},"2":{"name":"(anonymous_2)","line":11,"loc":{"start":{"line":11,"column":28},"end":{"line":11,"column":46}}},"3":{"name":"(anonymous_3)","line":21,"loc":{"start":{"line":21,"column":10},"end":{"line":21,"column":36}}},"4":{"name":"(anonymous_4)","line":22,"loc":{"start":{"line":22,"column":18},"end":{"line":22,"column":36}}},"5":{"name":"(anonymous_5)","line":34,"loc":{"start":{"line":34,"column":15},"end":{"line":34,"column":37}}},"6":{"name":"(anonymous_6)","line":40,"loc":{"start":{"line":40,"column":68},"end":{"line":40,"column":88}}},"7":{"name":"(anonymous_7)","line":44,"loc":{"start":{"line":44,"column":32},"end":{"line":44,"column":48}}}},"statementMap":{"1":{"start":{"line":2,"column":0},"end":{"line":2,"column":25}},"2":{"start":{"line":3,"column":0},"end":{"line":3,"column":36}},"3":{"start":{"line":4,"column":0},"end":{"line":4,"column":40}},"4":{"start":{"line":5,"column":0},"end":{"line":5,"column":34}},"5":{"start":{"line":10,"column":0},"end":{"line":15,"column":1}},"6":{"start":{"line":11,"column":1},"end":{"line":14,"column":4}},"7":{"start":{"line":12,"column":2},"end":{"line":12,"column":39}},"8":{"start":{"line":13,"column":2},"end":{"line":13,"column":16}},"9":{"start":{"line":21,"column":0},"end":{"line":26,"column":1}},"10":{"start":{"line":22,"column":1},"end":{"line":25,"column":4}},"11":{"start":{"line":23,"column":2},"end":{"line":23,"column":40}},"12":{"start":{"line":24,"column":2},"end":{"line":24,"column":16}},"13":{"start":{"line":34,"column":0},"end":{"line":57,"column":1}},"14":{"start":{"line":35,"column":1},"end":{"line":35,"column":25}},"15":{"start":{"line":36,"column":1},"end":{"line":36,"column":46}},"16":{"start":{"line":37,"column":1},"end":{"line":37,"column":42}},"17":{"start":{"line":38,"column":1},"end":{"line":38,"column":29}},"18":{"start":{"line":39,"column":1},"end":{"line":39,"column":38}},"19":{"start":{"line":40,"column":1},"end":{"line":56,"column":4}},"20":{"start":{"line":41,"column":2},"end":{"line":54,"column":3}},"21":{"start":{"line":44,"column":3},"end":{"line":48,"column":6}},"22":{"start":{"line":45,"column":4},"end":{"line":45,"column":47}},"23":{"start":{"line":46,"column":4},"end":{"line":46,"column":29}},"24":{"start":{"line":47,"column":4},"end":{"line":47,"column":11}},"25":{"start":{"line":51,"column":3},"end":{"line":51,"column":39}},"26":{"start":{"line":52,"column":3},"end":{"line":52,"column":29}},"27":{"start":{"line":53,"column":3},"end":{"line":53,"column":10}},"28":{"start":{"line":59,"column":0},"end":{"line":59,"column":35}},"29":{"start":{"line":60,"column":0},"end":{"line":60,"column":25}},"30":{"start":{"line":61,"column":0},"end":{"line":61,"column":35}}},"branchMap":{"1":{"line":12,"type":"cond-expr","locations":[{"start":{"line":12,"column":22},"end":{"line":12,"column":26}},{"start":{"line":12,"column":29},"end":{"line":12,"column":38}}]},"2":{"line":23,"type":"cond-expr","locations":[{"start":{"line":23,"column":23},"end":{"line":23,"column":27}},{"start":{"line":23,"column":30},"end":{"line":23,"column":39}}]},"3":{"line":41,"type":"if","locations":[{"start":{"line":41,"column":2},"end":{"line":41,"column":2}},{"start":{"line":41,"column":2},"end":{"line":41,"column":2}}]}}},"/Users/alex.lytvynenko/w/experiments/node-weather/app/services.js":{"path":"/Users/alex.lytvynenko/w/experiments/node-weather/app/services.js","s":{"1":1,"2":1,"3":1,"4":1,"5":6,"6":6,"7":6,"8":6,"9":6,"10":2,"11":4,"12":4,"13":4,"14":4,"15":4,"16":4,"17":4,"18":4,"19":0,"20":1,"21":6,"22":6,"23":6,"24":6,"25":6,"26":6,"27":5,"28":5,"29":5,"30":1,"31":1,"32":6,"33":1,"34":6,"35":6,"36":6,"37":4,"38":4,"39":1,"40":1,"41":3,"42":3,"43":1,"44":1,"45":2,"46":2,"47":2,"48":1,"49":1,"50":2,"51":2,"52":2,"53":1,"54":1,"55":1,"56":1,"57":6,"58":1,"59":1,"60":1},"b":{"1":[6,0],"2":[6,6],"3":[2,4],"4":[4,0],"5":[4,4],"6":[6,0],"7":[6,4],"8":[6,0],"9":[5,1],"10":[6,6],"11":[4,2],"12":[1,3],"13":[1,2],"14":[1,1],"15":[1,0],"16":[1,1]},"f":{"1":6,"2":6,"3":6,"4":6,"5":6},"fnMap":{"1":{"name":"(anonymous_1)","line":12,"loc":{"start":{"line":12,"column":15},"end":{"line":12,"column":44}}},"2":{"name":"(anonymous_2)","line":14,"loc":{"start":{"line":14,"column":78},"end":{"line":14,"column":100}}},"3":{"name":"(anonymous_3)","line":59,"loc":{"start":{"line":59,"column":15},"end":{"line":59,"column":71}}},"4":{"name":"(anonymous_4)","line":72,"loc":{"start":{"line":72,"column":21},"end":{"line":72,"column":43}}},"5":{"name":"(anonymous_5)","line":97,"loc":{"start":{"line":97,"column":10},"end":{"line":97,"column":35}}}},"statementMap":{"1":{"start":{"line":1,"column":0},"end":{"line":1,"column":33}},"2":{"start":{"line":2,"column":0},"end":{"line":2,"column":31}},"3":{"start":{"line":3,"column":0},"end":{"line":3,"column":31}},"4":{"start":{"line":12,"column":0},"end":{"line":35,"column":1}},"5":{"start":{"line":14,"column":1},"end":{"line":34,"column":3}},"6":{"start":{"line":15,"column":2},"end":{"line":15,"column":18}},"7":{"start":{"line":16,"column":2},"end":{"line":33,"column":3}},"8":{"start":{"line":17,"column":3},"end":{"line":17,"column":27}},"9":{"start":{"line":18,"column":3},"end":{"line":18,"column":75}},"10":{"start":{"line":18,"column":33},"end":{"line":18,"column":75}},"11":{"start":{"line":19,"column":3},"end":{"line":28,"column":4}},"12":{"start":{"line":20,"column":4},"end":{"line":27,"column":5}},"13":{"start":{"line":21,"column":5},"end":{"line":21,"column":21}},"14":{"start":{"line":22,"column":5},"end":{"line":22,"column":56}},"15":{"start":{"line":23,"column":5},"end":{"line":23,"column":56}},"16":{"start":{"line":24,"column":5},"end":{"line":24,"column":26}},"17":{"start":{"line":25,"column":5},"end":{"line":25,"column":29}},"18":{"start":{"line":26,"column":5},"end":{"line":26,"column":50}},"19":{"start":{"line":32,"column":3},"end":{"line":32,"column":89}},"20":{"start":{"line":59,"column":0},"end":{"line":86,"column":1}},"21":{"start":{"line":61,"column":1},"end":{"line":61,"column":17}},"22":{"start":{"line":64,"column":1},"end":{"line":64,"column":56}},"23":{"start":{"line":67,"column":1},"end":{"line":67,"column":62}},"24":{"start":{"line":70,"column":1},"end":{"line":70,"column":86}},"25":{"start":{"line":72,"column":1},"end":{"line":85,"column":3}},"26":{"start":{"line":73,"column":2},"end":{"line":82,"column":3}},"27":{"start":{"line":74,"column":3},"end":{"line":74,"column":27}},"28":{"start":{"line":75,"column":3},"end":{"line":75,"column":24}},"29":{"start":{"line":76,"column":3},"end":{"line":76,"column":25}},"30":{"start":{"line":80,"column":3},"end":{"line":80,"column":23}},"31":{"start":{"line":81,"column":3},"end":{"line":81,"column":49}},"32":{"start":{"line":84,"column":2},"end":{"line":84,"column":47}},"33":{"start":{"line":97,"column":0},"end":{"line":142,"column":2}},"34":{"start":{"line":98,"column":3},"end":{"line":98,"column":19}},"35":{"start":{"line":99,"column":3},"end":{"line":99,"column":43}},"36":{"start":{"line":100,"column":3},"end":{"line":140,"column":4}},"37":{"start":{"line":101,"column":4},"end":{"line":101,"column":27}},"38":{"start":{"line":102,"column":4},"end":{"line":127,"column":5}},"39":{"start":{"line":103,"column":5},"end":{"line":103,"column":26}},"40":{"start":{"line":104,"column":5},"end":{"line":104,"column":38}},"41":{"start":{"line":108,"column":5},"end":{"line":108,"column":92}},"42":{"start":{"line":109,"column":5},"end":{"line":126,"column":6}},"43":{"start":{"line":110,"column":6},"end":{"line":110,"column":26}},"44":{"start":{"line":111,"column":6},"end":{"line":111,"column":38}},"45":{"start":{"line":115,"column":6},"end":{"line":115,"column":49}},"46":{"start":{"line":116,"column":6},"end":{"line":116,"column":41}},"47":{"start":{"line":117,"column":6},"end":{"line":123,"column":7}},"48":{"start":{"line":118,"column":7},"end":{"line":118,"column":47}},"49":{"start":{"line":122,"column":7},"end":{"line":122,"column":119}},"50":{"start":{"line":124,"column":6},"end":{"line":124,"column":27}},"51":{"start":{"line":125,"column":6},"end":{"line":125,"column":66}},"52":{"start":{"line":131,"column":4},"end":{"line":139,"column":5}},"53":{"start":{"line":132,"column":5},"end":{"line":132,"column":25}},"54":{"start":{"line":133,"column":5},"end":{"line":133,"column":37}},"55":{"start":{"line":137,"column":5},"end":{"line":137,"column":26}},"56":{"start":{"line":138,"column":5},"end":{"line":138,"column":57}},"57":{"start":{"line":141,"column":2},"end":{"line":141,"column":47}},"58":{"start":{"line":144,"column":0},"end":{"line":144,"column":35}},"59":{"start":{"line":145,"column":0},"end":{"line":145,"column":35}},"60":{"start":{"line":146,"column":0},"end":{"line":146,"column":25}}},"branchMap":{"1":{"line":16,"type":"if","locations":[{"start":{"line":16,"column":2},"end":{"line":16,"column":2}},{"start":{"line":16,"column":2},"end":{"line":16,"column":2}}]},"2":{"line":16,"type":"binary-expr","locations":[{"start":{"line":16,"column":6},"end":{"line":16,"column":10}},{"start":{"line":16,"column":14},"end":{"line":16,"column":34}}]},"3":{"line":18,"type":"if","locations":[{"start":{"line":18,"column":3},"end":{"line":18,"column":3}},{"start":{"line":18,"column":3},"end":{"line":18,"column":3}}]},"4":{"line":20,"type":"if","locations":[{"start":{"line":20,"column":4},"end":{"line":20,"column":4}},{"start":{"line":20,"column":4},"end":{"line":20,"column":4}}]},"5":{"line":20,"type":"binary-expr","locations":[{"start":{"line":20,"column":8},"end":{"line":20,"column":32}},{"start":{"line":20,"column":36},"end":{"line":20,"column":69}}]},"6":{"line":64,"type":"binary-expr","locations":[{"start":{"line":64,"column":20},"end":{"line":64,"column":49}},{"start":{"line":64,"column":53},"end":{"line":64,"column":55}}]},"7":{"line":67,"type":"binary-expr","locations":[{"start":{"line":67,"column":12},"end":{"line":67,"column":20}},{"start":{"line":67,"column":24},"end":{"line":67,"column":61}}]},"8":{"line":70,"type":"cond-expr","locations":[{"start":{"line":70,"column":55},"end":{"line":70,"column":67}},{"start":{"line":70,"column":68},"end":{"line":70,"column":70}}]},"9":{"line":73,"type":"if","locations":[{"start":{"line":73,"column":2},"end":{"line":73,"column":2}},{"start":{"line":73,"column":2},"end":{"line":73,"column":2}}]},"10":{"line":73,"type":"binary-expr","locations":[{"start":{"line":73,"column":6},"end":{"line":73,"column":10}},{"start":{"line":73,"column":14},"end":{"line":73,"column":34}}]},"11":{"line":100,"type":"if","locations":[{"start":{"line":100,"column":3},"end":{"line":100,"column":3}},{"start":{"line":100,"column":3},"end":{"line":100,"column":3}}]},"12":{"line":102,"type":"if","locations":[{"start":{"line":102,"column":4},"end":{"line":102,"column":4}},{"start":{"line":102,"column":4},"end":{"line":102,"column":4}}]},"13":{"line":109,"type":"if","locations":[{"start":{"line":109,"column":5},"end":{"line":109,"column":5}},{"start":{"line":109,"column":5},"end":{"line":109,"column":5}}]},"14":{"line":117,"type":"if","locations":[{"start":{"line":117,"column":6},"end":{"line":117,"column":6}},{"start":{"line":117,"column":6},"end":{"line":117,"column":6}}]},"15":{"line":122,"type":"cond-expr","locations":[{"start":{"line":122,"column":49},"end":{"line":122,"column":89}},{"start":{"line":122,"column":92},"end":{"line":122,"column":118}}]},"16":{"line":131,"type":"if","locations":[{"start":{"line":131,"column":4},"end":{"line":131,"column":4}},{"start":{"line":131,"column":4},"end":{"line":131,"column":4}}]}}},"/Users/alex.lytvynenko/w/experiments/node-weather/app/utils.js":{"path":"/Users/alex.lytvynenko/w/experiments/node-weather/app/utils.js","s":{"1":1,"2":1,"3":1,"4":1,"5":10,"6":10,"7":10,"8":6,"9":1,"10":5,"11":5,"12":3,"13":3,"14":4,"15":2,"16":2,"17":1,"18":4,"19":9,"20":1,"21":1,"22":1,"23":1,"24":1,"25":1,"26":5,"27":5,"28":1,"29":1,"30":1,"31":0,"32":1,"33":1,"34":1,"35":1,"36":1,"37":3,"38":3,"39":3,"40":1,"41":1},"b":{"1":[1,5],"2":[3,2],"3":[2,2],"4":[1,1],"5":[1,1,3]},"f":{"1":10,"2":4,"3":1,"4":1,"5":5,"6":1},"fnMap":{"1":{"name":"(anonymous_1)","line":21,"loc":{"start":{"line":21,"column":21},"end":{"line":21,"column":38}}},"2":{"name":"(anonymous_2)","line":37,"loc":{"start":{"line":37,"column":22},"end":{"line":37,"column":37}}},"3":{"name":"(anonymous_3)","line":59,"loc":{"start":{"line":59,"column":19},"end":{"line":59,"column":51}}},"4":{"name":"(anonymous_4)","line":60,"loc":{"start":{"line":60,"column":52},"end":{"line":60,"column":80}}},"5":{"name":"(anonymous_5)","line":77,"loc":{"start":{"line":77,"column":16},"end":{"line":77,"column":47}}},"6":{"name":"(anonymous_6)","line":87,"loc":{"start":{"line":87,"column":38},"end":{"line":87,"column":52}}}},"statementMap":{"1":{"start":{"line":2,"column":0},"end":{"line":2,"column":35}},"2":{"start":{"line":3,"column":0},"end":{"line":3,"column":27}},"3":{"start":{"line":4,"column":0},"end":{"line":4,"column":23}},"4":{"start":{"line":21,"column":0},"end":{"line":52,"column":1}},"5":{"start":{"line":23,"column":2},"end":{"line":28,"column":3}},"6":{"start":{"line":30,"column":2},"end":{"line":30,"column":25}},"7":{"start":{"line":32,"column":2},"end":{"line":50,"column":3}},"8":{"start":{"line":33,"column":3},"end":{"line":33,"column":54}},"9":{"start":{"line":33,"column":45},"end":{"line":33,"column":54}},"10":{"start":{"line":34,"column":3},"end":{"line":34,"column":37}},"11":{"start":{"line":35,"column":3},"end":{"line":48,"column":4}},"12":{"start":{"line":36,"column":4},"end":{"line":36,"column":43}},"13":{"start":{"line":37,"column":4},"end":{"line":41,"column":6}},"14":{"start":{"line":38,"column":5},"end":{"line":40,"column":6}},"15":{"start":{"line":39,"column":6},"end":{"line":39,"column":19}},"16":{"start":{"line":45,"column":4},"end":{"line":47,"column":5}},"17":{"start":{"line":46,"column":6},"end":{"line":46,"column":19}},"18":{"start":{"line":49,"column":3},"end":{"line":49,"column":56}},"19":{"start":{"line":51,"column":2},"end":{"line":51,"column":22}},"20":{"start":{"line":59,"column":0},"end":{"line":65,"column":1}},"21":{"start":{"line":60,"column":1},"end":{"line":64,"column":4}},"22":{"start":{"line":61,"column":5},"end":{"line":61,"column":40}},"23":{"start":{"line":62,"column":5},"end":{"line":62,"column":25}},"24":{"start":{"line":63,"column":5},"end":{"line":63,"column":27}},"25":{"start":{"line":77,"column":0},"end":{"line":100,"column":1}},"26":{"start":{"line":78,"column":1},"end":{"line":78,"column":17}},"27":{"start":{"line":79,"column":1},"end":{"line":99,"column":2}},"28":{"start":{"line":81,"column":3},"end":{"line":81,"column":35}},"29":{"start":{"line":82,"column":3},"end":{"line":82,"column":41}},"30":{"start":{"line":83,"column":3},"end":{"line":83,"column":27}},"31":{"start":{"line":84,"column":3},"end":{"line":84,"column":9}},"32":{"start":{"line":87,"column":3},"end":{"line":91,"column":6}},"33":{"start":{"line":88,"column":4},"end":{"line":88,"column":37}},"34":{"start":{"line":89,"column":4},"end":{"line":89,"column":26}},"35":{"start":{"line":90,"column":4},"end":{"line":90,"column":28}},"36":{"start":{"line":92,"column":3},"end":{"line":92,"column":9}},"37":{"start":{"line":95,"column":3},"end":{"line":95,"column":43}},"38":{"start":{"line":96,"column":3},"end":{"line":96,"column":25}},"39":{"start":{"line":97,"column":3},"end":{"line":97,"column":27}},"40":{"start":{"line":102,"column":0},"end":{"line":102,"column":37}},"41":{"start":{"line":103,"column":0},"end":{"line":103,"column":47}}},"branchMap":{"1":{"line":33,"type":"if","locations":[{"start":{"line":33,"column":3},"end":{"line":33,"column":3}},{"start":{"line":33,"column":3},"end":{"line":33,"column":3}}]},"2":{"line":35,"type":"if","locations":[{"start":{"line":35,"column":3},"end":{"line":35,"column":3}},{"start":{"line":35,"column":3},"end":{"line":35,"column":3}}]},"3":{"line":38,"type":"if","locations":[{"start":{"line":38,"column":5},"end":{"line":38,"column":5}},{"start":{"line":38,"column":5},"end":{"line":38,"column":5}}]},"4":{"line":45,"type":"if","locations":[{"start":{"line":45,"column":4},"end":{"line":45,"column":4}},{"start":{"line":45,"column":4},"end":{"line":45,"column":4}}]},"5":{"line":79,"type":"switch","locations":[{"start":{"line":80,"column":2},"end":{"line":85,"column":3}},{"start":{"line":86,"column":2},"end":{"line":93,"column":3}},{"start":{"line":94,"column":2},"end":{"line":98,"column":3}}]}}}}