TN:
SF:/Users/alex.lytvynenko/w/experiments/node-weather/app.js
FN:9,(anonymous_1)
FN:29,(anonymous_2)
FN:37,(anonymous_3)
FNF:3
FNH:2
FNDA:0,(anonymous_1)
FNDA:1,(anonymous_2)
FNDA:1,(anonymous_3)
DA:1,1
DA:2,1
DA:3,1
DA:4,1
DA:5,1
DA:6,1
DA:9,1
DA:10,0
DA:15,1
DA:18,1
DA:21,1
DA:24,1
DA:26,1
DA:29,1
DA:30,1
DA:34,1
DA:37,1
DA:38,1
LF:18
LH:17
BRF:0
BRH:0
end_of_record
TN:
SF:/Users/alex.lytvynenko/w/experiments/node-weather/config/index.js
FN:19,(anonymous_1)
FNF:1
FNH:1
FNDA:3,(anonymous_1)
DA:1,1
DA:19,1
DA:20,3
LF:3
LH:3
BRDA:20,1,0,3
BRDA:20,1,1,3
BRDA:20,2,0,3
BRDA:20,2,1,3
BRDA:20,2,2,0
BRF:5
BRH:4
end_of_record
TN:
SF:/Users/alex.lytvynenko/w/experiments/node-weather/app/middleware.js
FN:10,(anonymous_1)
FN:11,(anonymous_2)
FN:21,(anonymous_3)
FN:22,(anonymous_4)
FN:34,(anonymous_5)
FN:40,(anonymous_6)
FN:44,(anonymous_7)
FNF:7
FNH:7
FNDA:2,(anonymous_1)
FNDA:2,(anonymous_2)
FNDA:1,(anonymous_3)
FNDA:1,(anonymous_4)
FNDA:2,(anonymous_5)
FNDA:2,(anonymous_6)
FNDA:2,(anonymous_7)
DA:2,1
DA:3,1
DA:4,1
DA:5,1
DA:10,1
DA:11,2
DA:12,2
DA:13,2
DA:21,1
DA:22,1
DA:23,1
DA:24,1
DA:34,1
DA:35,2
DA:36,2
DA:37,2
DA:38,2
DA:39,2
DA:40,2
DA:41,2
DA:44,2
DA:45,2
DA:46,2
DA:47,2
DA:51,0
DA:52,0
DA:53,0
DA:59,1
DA:60,1
DA:61,1
LF:30
LH:27
BRDA:12,1,0,2
BRDA:12,1,1,0
BRDA:23,2,0,1
BRDA:23,2,1,0
BRDA:41,3,0,2
BRDA:41,3,1,0
BRF:6
BRH:3
end_of_record
TN:
SF:/Users/alex.lytvynenko/w/experiments/node-weather/app/services.js
FN:12,(anonymous_1)
FN:14,(anonymous_2)
FN:59,(anonymous_3)
FN:72,(anonymous_4)
FN:97,(anonymous_5)
FNF:5
FNH:5
FNDA:6,(anonymous_1)
FNDA:6,(anonymous_2)
FNDA:6,(anonymous_3)
FNDA:6,(anonymous_4)
FNDA:6,(anonymous_5)
DA:1,1
DA:2,1
DA:3,1
DA:12,1
DA:14,6
DA:15,6
DA:16,6
DA:17,6
DA:18,6
DA:19,4
DA:20,4
DA:21,4
DA:22,4
DA:23,4
DA:24,4
DA:25,4
DA:26,4
DA:32,0
DA:59,1
DA:61,6
DA:64,6
DA:67,6
DA:70,6
DA:72,6
DA:73,6
DA:74,5
DA:75,5
DA:76,5
DA:80,1
DA:81,1
DA:84,6
DA:97,1
DA:98,6
DA:99,6
DA:100,6
DA:101,4
DA:102,4
DA:103,1
DA:104,1
DA:108,3
DA:109,3
DA:110,1
DA:111,1
DA:115,2
DA:116,2
DA:117,2
DA:118,1
DA:122,1
DA:124,2
DA:125,2
DA:131,2
DA:132,1
DA:133,1
DA:137,1
DA:138,1
DA:141,6
DA:144,1
DA:145,1
DA:146,1
LF:59
LH:58
BRDA:16,1,0,6
BRDA:16,1,1,0
BRDA:16,2,0,6
BRDA:16,2,1,6
BRDA:18,3,0,2
BRDA:18,3,1,4
BRDA:20,4,0,4
BRDA:20,4,1,0
BRDA:20,5,0,4
BRDA:20,5,1,4
BRDA:64,6,0,6
BRDA:64,6,1,0
BRDA:67,7,0,6
BRDA:67,7,1,4
BRDA:70,8,0,6
BRDA:70,8,1,0
BRDA:73,9,0,5
BRDA:73,9,1,1
BRDA:73,10,0,6
BRDA:73,10,1,6
BRDA:100,11,0,4
BRDA:100,11,1,2
BRDA:102,12,0,1
BRDA:102,12,1,3
BRDA:109,13,0,1
BRDA:109,13,1,2
BRDA:117,14,0,1
BRDA:117,14,1,1
BRDA:122,15,0,1
BRDA:122,15,1,0
BRDA:131,16,0,1
BRDA:131,16,1,1
BRF:32
BRH:27
end_of_record
TN:
SF:/Users/alex.lytvynenko/w/experiments/node-weather/app/utils.js
FN:21,(anonymous_1)
FN:37,(anonymous_2)
FN:59,(anonymous_3)
FN:60,(anonymous_4)
FN:77,(anonymous_5)
FN:87,(anonymous_6)
FNF:6
FNH:6
FNDA:10,(anonymous_1)
FNDA:4,(anonymous_2)
FNDA:1,(anonymous_3)
FNDA:1,(anonymous_4)
FNDA:5,(anonymous_5)
FNDA:1,(anonymous_6)
DA:2,1
DA:3,1
DA:4,1
DA:21,1
DA:23,10
DA:30,10
DA:32,10
DA:33,6
DA:34,5
DA:35,5
DA:36,3
DA:37,3
DA:38,4
DA:39,2
DA:45,2
DA:46,1
DA:49,4
DA:51,9
DA:59,1
DA:60,1
DA:61,1
DA:62,1
DA:63,1
DA:77,1
DA:78,5
DA:79,5
DA:81,1
DA:82,1
DA:83,1
DA:84,0
DA:87,1
DA:88,1
DA:89,1
DA:90,1
DA:92,1
DA:95,3
DA:96,3
DA:97,3
DA:102,1
DA:103,1
LF:40
LH:39
BRDA:33,1,0,1
BRDA:33,1,1,5
BRDA:35,2,0,3
BRDA:35,2,1,2
BRDA:38,3,0,2
BRDA:38,3,1,2
BRDA:45,4,0,1
BRDA:45,4,1,1
BRDA:79,5,0,1
BRDA:79,5,1,1
BRDA:79,5,2,3
BRF:11
BRH:11
end_of_record
